ПРИНЯТИЕ РЕШЕНИЙ В УСЛОВИЯХ НЕОПРЕДЕЛЕННОСТИ

Матрица затрат:
А1 (10): [6, 15, 20, 24]
А2 (15): [17, 7, 19, 28]
А3 (20): [23, 12, 9, 23]
А4 (25): [25, 18, 16, 15]

Матрица рисков:
min по столбцам: [6, 7, 9, 15]
А1 (10): [0, 8, 11, 9]
А2 (15): [11, 0, 10, 13]
А3 (20): [17, 5, 0, 8]
А4 (25): [19, 11, 7, 0]
КРИТЕРИЙ ВАЛЬДА
А1 (10): max = 24
А2 (15): max = 28
А3 (20): max = 23
А4 (25): max = 25
Оптимальная стратегия: А3 (20), значение = 23
КРИТЕРИЙ СЭВИДЖА
А1 (10): max риск = 11
А2 (15): max риск = 13
А3 (20): max риск = 17
А4 (25): max риск = 19
Оптимальная стратегия: А1 (10), значение = 11
КРИТЕРИЙ ГУРВИЦА (p = 0.5)
А1 (10): 0.5*6 + 0.5*24 = 15.0
А2 (15): 0.5*7 + 0.5*28 = 17.5
А3 (20): 0.5*9 + 0.5*23 = 16.0
А4 (25): 0.5*15 + 0.5*25 = 20.0
Оптимальная стратегия: А1 (10), значение = 15.0
ИТОГОВЫЕ РЕЗУЛЬТАТЫ
Критерий Вальда:    А3 (20)
Критерий Сэвиджа:   А1 (10)
Критерий Гурвица:   А1 (10)

Отчет сохранен в файл report.txt
